<?xml version="1.0" encoding="UTF-8"?>
<!-- Generated by org.testng.reporters.JUnitReportReporter -->
<testsuite skipped="0" hostname="NCDWIN7PXD16278" name="com.wow.rewardssite.cases.EnterRegistrationDetails" tests="1" failures="0" timestamp="2019-11-07T01:31:11 IST" time="118.624" errors="0">
  <testcase name="registration" time="118.624" classname="com.wow.rewardssite.cases.EnterRegistrationDetails"/>
</testsuite> <!-- com.wow.rewardssite.cases.EnterRegistrationDetails -->
